[WARN] [01-13|09:12:17.169] [env] use ERIGON_ prefix for env         var=MDBX_MIGRATE_DEBUG
[WARN] [01-13|09:12:17.169] [env]                                    MDBX_MIGRATE_DEBUG=true
[WARN] [01-13|09:12:17.169] [env] use ERIGON_ prefix for env         var=MDBX_MIGRATE_DEBUG_BLOCK
[WARN] [01-13|09:12:17.169] [env]                                    MDBX_MIGRATE_DEBUG_BLOCK=16
[WARN] [01-13|09:12:17.169] [env] use ERIGON_ prefix for env         var=MDBX_MIGRATE_DEBUG_BLOCK
[WARN] [01-13|09:12:17.169] [env]                                    MDBX_MIGRATE_DEBUG_BLOCK=16
[WARN] [01-13|09:12:17.169] [env]                                    ERIGON_BAD_ROOT_DEBUG=true
[WARN] [01-13|09:12:17.169] [env]                                    ERIGON_BAD_ROOT_DEBUG=true
[WARN] [01-13|09:12:17.173] [env]                                    ERIGON_BAD_ROOT_DEBUG=true
[WARN] [01-13|09:12:17.173] [env]                                    ERIGON_BAD_ROOT_DEBUG=true
phase=init source=/Users/super/Documents/coinw/dex/nitro-erigon/erigon-nitro-deriw/.mdbx-flow-test/pebble-l3 dest=/Users/super/Documents/coinw/dex/nitro-erigon/erigon-nitro-deriw/.mdbx-flow-test/mdbx-l3 mode=full verify=extended verify_samples=10 resume=false start_block=0 end_block=0 workers=0
phase=preflight chain_id=333333 genesis_hash=0xdf6d572f4b591967d693979268434c99ec55f68dcb71c9c404c1f77daef43097
[INFO] [01-13|09:12:17.182] [db] open                                component=mdbx-migrate label=chaindata sizeLimit=2TB pageSize=16KB
phase=bootstrap status=done
phase=init_message chain_id=333333 has_chain_config=true arbos_enabled=true init_arbos_version=31 genesis_block=0
phase=chain_config arbos_enabled=true init_arbos_version=31 genesis_block=0 chain_id=333333 chain_name=
phase=import from=0 to=16 status=start
phase=import status=progress blocks=17 last=16
phase=import status=done blocks=17 head=16
phase=txnums status=done from=0
phase=senders status=start to=16
phase=senders status=done head=16
phase=execution status=start to=16
[INFO] [01-13|09:12:17.191] generating new salt file                 component=mdbx-migrate
phase=genesis_root status=loaded hash=0xdf6d572f4b591967d693979268434c99ec55f68dcb71c9c404c1f77daef43097 root=0xf63ed836d88458e974dbc83de5cbb82409c65b54185a3f1adfa87815bdaaf599
phase=source_receipts block=16 hash=0xf06855c8440fffdfbee93070c23034a49acfb1bed4afc0332989f3c95ef62ab6 rlp_len=15 receipts=2 receipts_nil=false header_receipt_root=0xbedfc0b427f01c252e6a26b9e47642b60e789a88b750853a5b03f8617bfb6958 computed_root=0xbedfc0b427f01c252e6a26b9e47642b60e789a88b750853a5b03f8617bfb6958 match=true
phase=arbos_init status=prepare chain_id=333333 arbos_enabled=true init_arbos_version=31 genesis_block=0 init_msg_present=true
phase=arbos_init_compare expected_root=0xf63ed836d88458e974dbc83de5cbb82409c65b54185a3f1adfa87815bdaaf599 computed_root=0xf63ed836d88458e974dbc83de5cbb82409c65b54185a3f1adfa87815bdaaf599 match=true
[INFO] [01-13|09:12:17.207] ArbOS initialized                        component=mdbx-migrate stateRoot=0xf63ed836d88458e974dbc83de5cbb82409c65b54185a3f1adfa87815bdaaf599
phase=arbos_init status=initialized state_root=0xf63ed836d88458e974dbc83de5cbb82409c65b54185a3f1adfa87815bdaaf599 chain_id=333333 genesis_block=0
[WARN] [01-13|09:12:17.210] exec3 tx task                            block_number=1 tx_index=0 tx_num=3 tx_hash=0x0efa9ca6ac866c18964920eee003acdd40e5cb788ede420900d4a4ee74379c2a tx_type=106
[WARN] [01-13|09:12:17.211] exec3 tx msg                             block_number=1 tx_index=1 tx_hash=0x0610ae4042e9f577b2771f98e78b8f48e2c824ea44ea249e901eb47c213d9b58 from=0xB95718C3F9d5a924E8cdCeB74bf408dDdFA747B3 to=0x000000000000000000000000000000000000006E value=0 gas_limit=21000 gas_price=100000000 fee_cap=1000000000 tip_cap=0 skip_l1_charging=false coinbase=0xB95718C3F9d5a924E8cdCeB74bf408dDdFA747B3 base_fee=100000000 base_fee_in_block=100000000
[INFO] [01-13|09:12:17.211] ethash rewards skipped for arbitrum      block=1 coinbase=0xB95718C3F9d5a924E8cdCeB74bf408dDdFA747B3
[WARN] [01-13|09:12:17.212] exec3 tx task                            block_number=2 tx_index=0 tx_num=8 tx_hash=0x9d8879ce0b561b0bccbae426139613bd1811d9ce207a60dbf669481955ae802f tx_type=106
[WARN] [01-13|09:12:17.212] exec3 tx msg                             block_number=2 tx_index=1 tx_hash=0xeddf9e61fb9d8f5111840daef55e5fde0041f5702856532cdbb5a02998033d26 from=0x3fAB184622Dc19b6109349B94811493BF2a45362 to=<nil> value=0 gas_limit=100000 gas_price=100000000000 fee_cap=100000000000 tip_cap=100000000000 skip_l1_charging=false coinbase=0xB95718C3F9d5a924E8cdCeB74bf408dDdFA747B3 base_fee=100000000 base_fee_in_block=100000000
[INFO] [01-13|09:12:17.212] ethash rewards skipped for arbitrum      block=2 coinbase=0xB95718C3F9d5a924E8cdCeB74bf408dDdFA747B3
[WARN] [01-13|09:12:17.212] exec3 tx task                            block_number=3 tx_index=0 tx_num=12 tx_hash=0xd2472e982da7210ea85dbd0cca758b360bef9e2fb88438f18bdb63e86a613a81 tx_type=106
[WARN] [01-13|09:12:17.212] exec3 tx msg                             block_number=3 tx_index=1 tx_hash=0xac92f5a78377d3e926c3e94e280eba5032f4730e37e7b5d6190d37aff77e5a25 from=0xB95718C3F9d5a924E8cdCeB74bf408dDdFA747B3 to=0x000000000000000000000000000000000000006E value=0 gas_limit=21000 gas_price=100000000 fee_cap=1000000000 tip_cap=0 skip_l1_charging=false coinbase=0xB95718C3F9d5a924E8cdCeB74bf408dDdFA747B3 base_fee=100000000 base_fee_in_block=100000000
[INFO] [01-13|09:12:17.212] ethash rewards skipped for arbitrum      block=3 coinbase=0xB95718C3F9d5a924E8cdCeB74bf408dDdFA747B3
[WARN] [01-13|09:12:17.213] exec3 tx task                            block_number=4 tx_index=0 tx_num=17 tx_hash=0x4304cdd9fad2526006377e062f82fc32c63b32911b558cfa8948bc86d4039520 tx_type=106
[WARN] [01-13|09:12:17.213] exec3 tx msg                             block_number=4 tx_index=1 tx_hash=0x803351deb6d745e91545a6a3e1c0ea3e9a6a02a1a4193b70edfcd2f40f71a01c from=0xBb6e024b9cFFACB947A71991E386681B1Cd1477D to=<nil> value=0 gas_limit=247000 gas_price=100000000000 fee_cap=100000000000 tip_cap=100000000000 skip_l1_charging=false coinbase=0xB95718C3F9d5a924E8cdCeB74bf408dDdFA747B3 base_fee=100000000 base_fee_in_block=100000000
[INFO] [01-13|09:12:17.213] ethash rewards skipped for arbitrum      block=4 coinbase=0xB95718C3F9d5a924E8cdCeB74bf408dDdFA747B3
[WARN] [01-13|09:12:17.213] exec3 tx task                            block_number=5 tx_index=0 tx_num=21 tx_hash=0x132a9afa7460ee1e7987741de4492645c68768d84cfff0783a3b502371e329a2 tx_type=106
[WARN] [01-13|09:12:17.213] exec3 tx msg                             block_number=5 tx_index=1 tx_hash=0x9035aa0b1b03b2b4b79944741488782181461c1b21d364800d8cb056bb478954 from=0xB95718C3F9d5a924E8cdCeB74bf408dDdFA747B3 to=0x000000000000000000000000000000000000006E value=0 gas_limit=21000 gas_price=100000000 fee_cap=1000000000 tip_cap=0 skip_l1_charging=false coinbase=0xB95718C3F9d5a924E8cdCeB74bf408dDdFA747B3 base_fee=100000000 base_fee_in_block=100000000
[INFO] [01-13|09:12:17.213] ethash rewards skipped for arbitrum      block=5 coinbase=0xB95718C3F9d5a924E8cdCeB74bf408dDdFA747B3
[WARN] [01-13|09:12:17.213] exec3 tx task                            block_number=6 tx_index=0 tx_num=26 tx_hash=0x7a26cc74113bd9de74ac0ba0d4bf0bf3db9ed216eadc21df6663a7532139a42b tx_type=106
[WARN] [01-13|09:12:17.213] exec3 tx msg                             block_number=6 tx_index=1 tx_hash=0x8ee59123fee2379c81c6fed5fa4310d24b0e40027b3bb04684bde87f0e3caaf1 from=0x4c8D290a1B368ac4728d83a9e8321fC3af2b39b1 to=<nil> value=0 gas_limit=100000 gas_price=100000000000 fee_cap=100000000000 tip_cap=100000000000 skip_l1_charging=false coinbase=0xB95718C3F9d5a924E8cdCeB74bf408dDdFA747B3 base_fee=100000000 base_fee_in_block=100000000
[INFO] [01-13|09:12:17.213] ethash rewards skipped for arbitrum      block=6 coinbase=0xB95718C3F9d5a924E8cdCeB74bf408dDdFA747B3
[WARN] [01-13|09:12:17.214] exec3 tx task                            block_number=7 tx_index=0 tx_num=30 tx_hash=0x839b9f057c34bf7e6cabea4fca64321f6c1f10359573420ba00c86f117c92d33 tx_type=106
[WARN] [01-13|09:12:17.214] exec3 tx msg                             block_number=7 tx_index=1 tx_hash=0x75a5c71ba9682e5779c196746d11d099d41499a38be8310f26d2a95af87317e5 from=0xB95718C3F9d5a924E8cdCeB74bf408dDdFA747B3 to=0x000000000000000000000000000000000000006E value=0 gas_limit=21000 gas_price=100000000 fee_cap=1000000000 tip_cap=0 skip_l1_charging=false coinbase=0xB95718C3F9d5a924E8cdCeB74bf408dDdFA747B3 base_fee=100000000 base_fee_in_block=100000000
[INFO] [01-13|09:12:17.214] ethash rewards skipped for arbitrum      block=7 coinbase=0xB95718C3F9d5a924E8cdCeB74bf408dDdFA747B3
[WARN] [01-13|09:12:17.214] exec3 tx task                            block_number=8 tx_index=0 tx_num=35 tx_hash=0x132e6c02d3b20ee8e512765015a2c4e4cfd3307f30054e0581356dabbfabbf82 tx_type=106
[WARN] [01-13|09:12:17.214] exec3 tx msg                             block_number=8 tx_index=1 tx_hash=0xfefb2da535e927b85fe68eb81cb2e4a5827c905f78381a01ef2322aa9b0aee8e from=0xa990077c3205cbDf861e17Fa532eeB069cE9fF96 to=<nil> value=0 gas_limit=800000 gas_price=100000000000 fee_cap=100000000000 tip_cap=100000000000 skip_l1_charging=false coinbase=0xB95718C3F9d5a924E8cdCeB74bf408dDdFA747B3 base_fee=100000000 base_fee_in_block=100000000
[INFO] [01-13|09:12:17.214] ethash rewards skipped for arbitrum      block=8 coinbase=0xB95718C3F9d5a924E8cdCeB74bf408dDdFA747B3
[WARN] [01-13|09:12:17.214] exec3 tx task                            block_number=9 tx_index=0 tx_num=39 tx_hash=0x9d1e6e90988351bbfc4a7d950ff79e756cefa79279a11dcde14c194678b4468f tx_type=106
[WARN] [01-13|09:12:17.214] exec3 tx msg                             block_number=9 tx_index=1 tx_hash=0xd22a065e0b8007c5f657d0d7155589e144b542ee22760307b9674f80cbeacee6 from=0x502fae7d46d88F08Fc2F8ed27fCB2Ab183Eb3e1F to=0x3f1Eae7D46d88F08fc2F8ed27FCb2AB183EB2d0E value=50000000000000000000000 gas_limit=0 gas_price=0 fee_cap=0 tip_cap=0 skip_l1_charging=false coinbase=0x502fae7d46d88F08Fc2F8ed27fCB2Ab183Eb3e1F base_fee=0 base_fee_in_block=100000000
[INFO] [01-13|09:12:17.214] ethash rewards skipped for arbitrum      block=9 coinbase=0x502fae7d46d88F08Fc2F8ed27fCB2Ab183Eb3e1F
[WARN] [01-13|09:12:17.215] exec3 tx task                            block_number=10 tx_index=0 tx_num=43 tx_hash=0xe2f49ec91ec183ab54135d3527b0e73e4158024c5f4bb9d074bd41a1e88e4d44 tx_type=106
[WARN] [01-13|09:12:17.215] exec3 tx msg                             block_number=10 tx_index=1 tx_hash=0xbb072fe9f81f901a77f81bcafb63b552dd159e311c1b73e6eb7228d3a5c88165 from=0x3f1Eae7D46d88F08fc2F8ed27FCb2AB183EB2d0E to=0x863c904166E801527125D8672442D736194A3362 value=10000000000000000000 gas_limit=24004 gas_price=1600000000 fee_cap=1700000000 tip_cap=1500000000 skip_l1_charging=false coinbase=0xA4b000000000000000000073657175656e636572 base_fee=100000000 base_fee_in_block=100000000
[INFO] [01-13|09:12:17.215] ethash rewards skipped for arbitrum      block=10 coinbase=0xA4b000000000000000000073657175656e636572
[WARN] [01-13|09:12:17.215] exec3 tx task                            block_number=11 tx_index=0 tx_num=47 tx_hash=0x0a4eb9f7c716dccba612c9fe6d021566c0a6cf46e86bb9d5f7b99dc99ad694ec tx_type=106
[WARN] [01-13|09:12:17.215] exec3 tx msg                             block_number=11 tx_index=1 tx_hash=0x78f79ccac8be3edeeb2855300f6d4290d79b2048d9fa747101743377d2629ded from=0x863c904166E801527125D8672442D736194A3362 to=<nil> value=0 gas_limit=1797361 gas_price=1600000000 fee_cap=1700000000 tip_cap=1500000000 skip_l1_charging=false coinbase=0xA4b000000000000000000073657175656e636572 base_fee=100000000 base_fee_in_block=100000000
[INFO] [01-13|09:12:17.215] ethash rewards skipped for arbitrum      block=11 coinbase=0xA4b000000000000000000073657175656e636572
[WARN] [01-13|09:12:17.215] exec3 tx task                            block_number=12 tx_index=0 tx_num=51 tx_hash=0x349bb36f874624a0d4645971791a26508744c79255620f07354302ab1c8be82a tx_type=106
[WARN] [01-13|09:12:17.216] exec3 tx msg                             block_number=12 tx_index=1 tx_hash=0x62c6219599e82dcc123fcbb76c84d27384d4e19d826414ab6d8cc3a569081a33 from=0x863c904166E801527125D8672442D736194A3362 to=<nil> value=0 gas_limit=509073 gas_price=1600000000 fee_cap=1700000000 tip_cap=1500000000 skip_l1_charging=false coinbase=0xA4b000000000000000000073657175656e636572 base_fee=100000000 base_fee_in_block=100000000
[INFO] [01-13|09:12:17.216] ethash rewards skipped for arbitrum      block=12 coinbase=0xA4b000000000000000000073657175656e636572
[WARN] [01-13|09:12:17.216] exec3 tx task                            block_number=13 tx_index=0 tx_num=55 tx_hash=0x8b7bb1af24725e140435b051efbac1c92dc6a29f01ef3a4dfe93493dd605e1e3 tx_type=106
[WARN] [01-13|09:12:17.216] exec3 tx msg                             block_number=13 tx_index=1 tx_hash=0xadc515d9aa4af84c1a01ef1eee3a55a7b29fd38588a88fc705b7acd077d05c97 from=0x863c904166E801527125D8672442D736194A3362 to=<nil> value=0 gas_limit=643647 gas_price=1600000000 fee_cap=1700000000 tip_cap=1500000000 skip_l1_charging=false coinbase=0xA4b000000000000000000073657175656e636572 base_fee=100000000 base_fee_in_block=100000000
[INFO] [01-13|09:12:17.216] ethash rewards skipped for arbitrum      block=13 coinbase=0xA4b000000000000000000073657175656e636572
[WARN] [01-13|09:12:17.216] exec3 tx task                            block_number=14 tx_index=0 tx_num=59 tx_hash=0x2c810e765b37be18b4b9ff9afd3ad6c080b9e212619ad97ad4db9d3b60abe460 tx_type=106
[WARN] [01-13|09:12:17.216] exec3 tx msg                             block_number=14 tx_index=1 tx_hash=0xb272e161757d7fbe56ae1a07379cc32fe83dab0ebd4adfc0acda2d82fc98db47 from=0x863c904166E801527125D8672442D736194A3362 to=0x639540036ea0c2b52ab80c9647Ee7cD75884f867 value=0 gas_limit=81485 gas_price=1600000000 fee_cap=1700000000 tip_cap=1500000000 skip_l1_charging=false coinbase=0xA4b000000000000000000073657175656e636572 base_fee=100000000 base_fee_in_block=100000000
[INFO] [01-13|09:12:17.217] ethash rewards skipped for arbitrum      block=14 coinbase=0xA4b000000000000000000073657175656e636572
[WARN] [01-13|09:12:17.217] exec3 tx task                            block_number=15 tx_index=0 tx_num=63 tx_hash=0x73b41e461bb82459090cbb88ed2da4214cb79f3e8bd859baa668bd9a7f76cf1d tx_type=106
[WARN] [01-13|09:12:17.217] exec3 tx msg                             block_number=15 tx_index=1 tx_hash=0x23a9ddb1df7a60f3ba92fa286e48da891fe0686173fac95b55d44ecd9817e8a9 from=0x863c904166E801527125D8672442D736194A3362 to=0x0000000000000000000000000000000000000070 value=0 gas_limit=87939 gas_price=1600000000 fee_cap=1700000000 tip_cap=1500000000 skip_l1_charging=false coinbase=0xA4b000000000000000000073657175656e636572 base_fee=100000000 base_fee_in_block=100000000
[INFO] [01-13|09:12:17.217] ethash rewards skipped for arbitrum      block=15 coinbase=0xA4b000000000000000000073657175656e636572
[INFO] [01-13|09:12:17.217] mdbx-migrate receipts cache write        block_number=16 tx_index=-1 tx_num=66 receipt_index_valid=false receipt_nil=true receipt_block_number=0 receipt_tx_index=0 receipt_logs=0 receipt_cum_gas_used=0 receipt_first_log_index=0
[WARN] [01-13|09:12:17.217] exec3 tx task                            block_number=16 tx_index=0 tx_num=67 tx_hash=0x9bed7e1eb3d3ea943065b86e45bfa59992d8291a033d8dfe5f2c0276b9811361 tx_type=106
[INFO] [01-13|09:12:17.217] mdbx-migrate receipts cache write        block_number=16 tx_index=0 tx_num=67 receipt_index_valid=true receipt_nil=false receipt_block_number=16 receipt_tx_index=0 receipt_logs=0 receipt_cum_gas_used=0 receipt_first_log_index=0
[INFO] [01-13|09:12:17.217] mdbx-migrate tx task                     block=16 tx_index=1 tx_num=68 final=false tx_nil=false
[WARN] [01-13|09:12:17.217] exec3 tx msg                             block_number=16 tx_index=1 tx_hash=0x05820b86f2a5630cc74182508c482c6bfa6cbd5494eb4cb7713f345323bd26e1 from=0x3f1Eae7D46d88F08fc2F8ed27FCb2AB183EB2d0E to=0x863c904166E801527125D8672442D736194A3362 value=10000000000000000 gas_limit=23985 gas_price=1600000000 fee_cap=1700000000 tip_cap=1500000000 skip_l1_charging=false coinbase=0xA4b000000000000000000073657175656e636572 base_fee=100000000 base_fee_in_block=100000000
[INFO] [01-13|09:12:17.217] mdbx-migrate tx                          block=16 tx_index=1 tx_num=68 hash=0x05820b86f2a5630cc74182508c482c6bfa6cbd5494eb4cb7713f345323bd26e1 type=2 from=0x3f1Eae7D46d88F08fc2F8ed27FCb2AB183EB2d0E to=0x863c904166E801527125D8672442D736194A3362 nonce=1 gas_limit=23985 gas_used=22968 failed=false value=10000000000000000 data_len=0 data_sig= write_domains=0 write_entries=0 read_domains=0 read_entries=0
[INFO] [01-13|09:12:17.217] mdbx-migrate tx root                     block=16 tx_index=1 tx_num=68 updates=8 root=0x7bda4d221239d837f8b3ffd6433baa8161b3883c64b1c3bf569d01fefc83d9cd
[INFO] [01-13|09:12:17.217] mdbx-migrate receipts cache write        block_number=16 tx_index=1 tx_num=68 receipt_index_valid=true receipt_nil=false receipt_block_number=16 receipt_tx_index=1 receipt_logs=0 receipt_cum_gas_used=22968 receipt_first_log_index=0
[INFO] [01-13|09:12:17.217] ethash rewards skipped for arbitrum      block=16 coinbase=0xA4b000000000000000000073657175656e636572
[INFO] [01-13|09:12:17.217] mdbx-migrate receipts cache write        block_number=16 tx_index=2 tx_num=69 receipt_index_valid=false receipt_nil=true receipt_block_number=0 receipt_tx_index=0 receipt_logs=0 receipt_cum_gas_used=0 receipt_first_log_index=0
[INFO] [01-13|09:12:17.221] Committed                                component=mdbx-migrate blocks=16
[INFO] [01-13|09:12:17.221] [1/1 Execution] Done Commit every block  component=mdbx-migrate blk=16 blks=17 blk/s=1486.2 txs=68 tx/s=5.94k gas/s=355.14M buf=233.7KB/64.0MB stepsInDB=0.00 step=0.0 inMem=false alloc=64.4MB sys=92.0MB
phase=execution status=done head=16
phase=txlookup status=start to=16
phase=txlookup status=done head=16
phase=copy dataset=arbitrumdata status=start
phase=copy dataset=arbitrumdata keys=62 bytes=28356
phase=finalize dataset=arbitrumdata canary=removed
phase=copy dataset=wasm status=start
phase=copy dataset=wasm keys=2 bytes=70
phase=finalize dataset=wasm canary=removed
phase=verify dataset=l2chaindata mode=extended status=start
[INFO] [01-13|09:12:17.238] [db] open                                component=mdbx-migrate label=chaindata sizeLimit=2TB pageSize=16KB
phase=verify dataset=l2chaindata section=head_root head=16
phase=verify dataset=l2chaindata section=arbos_slots samples=10 start_block=0 end_block=16
